[0.083s] Invoking command in '/home/cabz/cabz_ws/src/cabz_bot/build/cabz_bot': CMAKE_PREFIX_PATH=${CMAKE_PREFIX_PATH}:/home/cabz/cabz_ws/install/tortoisebot_control:/opt/ros/humble /usr/bin/cmake /home/cabz/cabz_ws/src/cabz_bot -DAMENT_CMAKE_SYMLINK_INSTALL=1 -DCMAKE_INSTALL_PREFIX=/home/cabz/cabz_ws/src/cabz_bot/install/cabz_bot
[2.197s] -- The C compiler identification is GNU 11.4.0
[3.121s] -- The CXX compiler identification is GNU 11.4.0
[3.282s] -- Detecting C compiler ABI info
[3.602s] -- Detecting C compiler ABI info - done
[3.617s] -- Check for working C compiler: /usr/bin/cc - skipped
[3.648s] -- Detecting C compile features
[3.669s] -- Detecting C compile features - done
[3.706s] -- Detecting CXX compiler ABI info
[3.923s] -- Detecting CXX compiler ABI info - done
[3.943s] -- Check for working CXX compiler: /usr/bin/c++ - skipped
[3.944s] -- Detecting CXX compile features
[3.945s] -- Detecting CXX compile features - done
[4.198s] -- Found ament_cmake: 1.3.11 (/opt/ros/humble/share/ament_cmake/cmake)
[5.382s] -- Found Python3: /usr/bin/python3 (found version "3.10.12") found components: Interpreter 
[5.678s] -- Override CMake install command with custom implementation using symlinks instead of copying resources
[5.977s] -- Found ament_lint_auto: 0.12.11 (/opt/ros/humble/share/ament_lint_auto/cmake)
[6.335s] -- Added test 'copyright' to check source files copyright and LICENSE
[6.444s] -- Added test 'cppcheck' to perform static code analysis on C / C++ code
[6.445s] -- Configured cppcheck include dirs: 
[6.446s] -- Configured cppcheck exclude dirs and/or files: 
[6.502s] -- Added test 'cpplint' to check C / C++ code against the Google style
[6.503s] -- Configured cpplint exclude dirs and/or files: 
[6.508s] -- Added test 'flake8' to check Python code syntax and style conventions
[6.518s] -- Added test 'lint_cmake' to check CMake code style
[6.524s] -- Added test 'pep257' to check Python code against some of the docstring style conventions in PEP 257
[6.581s] -- Added test 'uncrustify' to check C / C++ code style
[6.581s] -- Configured uncrustify additional arguments: 
[6.598s] -- Added test 'xmllint' to check XML markup files
[6.632s] -- Configuring done
[6.648s] -- Generating done
[6.653s] -- Build files have been written to: /home/cabz/cabz_ws/src/cabz_bot/build/cabz_bot
[6.664s] Invoked command in '/home/cabz/cabz_ws/src/cabz_bot/build/cabz_bot' returned '0': CMAKE_PREFIX_PATH=${CMAKE_PREFIX_PATH}:/home/cabz/cabz_ws/install/tortoisebot_control:/opt/ros/humble /usr/bin/cmake /home/cabz/cabz_ws/src/cabz_bot -DAMENT_CMAKE_SYMLINK_INSTALL=1 -DCMAKE_INSTALL_PREFIX=/home/cabz/cabz_ws/src/cabz_bot/install/cabz_bot
[6.669s] Invoking command in '/home/cabz/cabz_ws/src/cabz_bot/build/cabz_bot': CMAKE_PREFIX_PATH=${CMAKE_PREFIX_PATH}:/home/cabz/cabz_ws/install/tortoisebot_control:/opt/ros/humble /usr/bin/cmake --build /home/cabz/cabz_ws/src/cabz_bot/build/cabz_bot -- -j4 -l4
[6.730s] Invoked command in '/home/cabz/cabz_ws/src/cabz_bot/build/cabz_bot' returned '0': CMAKE_PREFIX_PATH=${CMAKE_PREFIX_PATH}:/home/cabz/cabz_ws/install/tortoisebot_control:/opt/ros/humble /usr/bin/cmake --build /home/cabz/cabz_ws/src/cabz_bot/build/cabz_bot -- -j4 -l4
[6.745s] Invoking command in '/home/cabz/cabz_ws/src/cabz_bot/build/cabz_bot': CMAKE_PREFIX_PATH=${CMAKE_PREFIX_PATH}:/home/cabz/cabz_ws/install/tortoisebot_control:/opt/ros/humble /usr/bin/cmake --install /home/cabz/cabz_ws/src/cabz_bot/build/cabz_bot
[6.756s] -- Install configuration: ""
[6.757s] -- Execute custom install script
[6.758s] -- Symlinking: /home/cabz/cabz_ws/src/cabz_bot/install/cabz_bot/share/cabz_bot/config/drive_bot.rviz
[6.770s] -- Symlinking: /home/cabz/cabz_ws/src/cabz_bot/install/cabz_bot/share/cabz_bot/config/empty.yaml
[6.782s] -- Symlinking: /home/cabz/cabz_ws/src/cabz_bot/install/cabz_bot/share/cabz_bot/config/gazebo_params.yaml
[6.795s] -- Symlinking: /home/cabz/cabz_ws/src/cabz_bot/install/cabz_bot/share/cabz_bot/config/my_controllers.yaml
[6.809s] -- Symlinking: /home/cabz/cabz_ws/src/cabz_bot/install/cabz_bot/share/cabz_bot/config/view_bot.rviz
[6.822s] -- Symlinking: /home/cabz/cabz_ws/src/cabz_bot/install/cabz_bot/share/cabz_bot/description/camera.xacro
[6.834s] -- Symlinking: /home/cabz/cabz_ws/src/cabz_bot/install/cabz_bot/share/cabz_bot/description/gazebo_control.xacro
[6.846s] -- Symlinking: /home/cabz/cabz_ws/src/cabz_bot/install/cabz_bot/share/cabz_bot/description/inertial_macros.xacro
[6.858s] -- Symlinking: /home/cabz/cabz_ws/src/cabz_bot/install/cabz_bot/share/cabz_bot/description/lidar.xacro
[6.871s] -- Symlinking: /home/cabz/cabz_ws/src/cabz_bot/install/cabz_bot/share/cabz_bot/description/robot.urdf.xacro
[6.887s] -- Symlinking: /home/cabz/cabz_ws/src/cabz_bot/install/cabz_bot/share/cabz_bot/description/robot_core.xacro
[6.903s] -- Symlinking: /home/cabz/cabz_ws/src/cabz_bot/install/cabz_bot/share/cabz_bot/description/ros2_control.xacro
[6.917s] -- Symlinking: /home/cabz/cabz_ws/src/cabz_bot/install/cabz_bot/share/cabz_bot/launch/launch_sim.launch.py
[6.930s] -- Symlinking: /home/cabz/cabz_ws/src/cabz_bot/install/cabz_bot/share/cabz_bot/launch/rsp.launch.py
[6.945s] -- Symlinking: /home/cabz/cabz_ws/src/cabz_bot/install/cabz_bot/share/cabz_bot/worlds/New Folder/test.world/model.config
[6.960s] -- Symlinking: /home/cabz/cabz_ws/src/cabz_bot/install/cabz_bot/share/cabz_bot/worlds/New Folder/test.world/model.sdf
[6.974s] -- Symlinking: /home/cabz/cabz_ws/src/cabz_bot/install/cabz_bot/share/cabz_bot/worlds/empty.world
[6.988s] -- Symlinking: /home/cabz/cabz_ws/src/cabz_bot/install/cabz_bot/share/cabz_bot/worlds/small_house.world
[7.003s] -- Symlinking: /home/cabz/cabz_ws/src/cabz_bot/install/cabz_bot/share/cabz_bot/worlds/test.world
[7.016s] -- Symlinking: /home/cabz/cabz_ws/src/cabz_bot/install/cabz_bot/share/ament_index/resource_index/package_run_dependencies/cabz_bot
[7.032s] -- Symlinking: /home/cabz/cabz_ws/src/cabz_bot/install/cabz_bot/share/ament_index/resource_index/parent_prefix_path/cabz_bot
[7.047s] -- Symlinking: /home/cabz/cabz_ws/src/cabz_bot/install/cabz_bot/share/cabz_bot/environment/ament_prefix_path.sh
[7.061s] -- Symlinking: /home/cabz/cabz_ws/src/cabz_bot/install/cabz_bot/share/cabz_bot/environment/ament_prefix_path.dsv
[7.074s] -- Symlinking: /home/cabz/cabz_ws/src/cabz_bot/install/cabz_bot/share/cabz_bot/environment/path.sh
[7.087s] -- Symlinking: /home/cabz/cabz_ws/src/cabz_bot/install/cabz_bot/share/cabz_bot/environment/path.dsv
[7.103s] -- Symlinking: /home/cabz/cabz_ws/src/cabz_bot/install/cabz_bot/share/cabz_bot/local_setup.bash
[7.117s] -- Symlinking: /home/cabz/cabz_ws/src/cabz_bot/install/cabz_bot/share/cabz_bot/local_setup.sh
[7.131s] -- Symlinking: /home/cabz/cabz_ws/src/cabz_bot/install/cabz_bot/share/cabz_bot/local_setup.zsh
[7.144s] -- Symlinking: /home/cabz/cabz_ws/src/cabz_bot/install/cabz_bot/share/cabz_bot/local_setup.dsv
[7.157s] -- Symlinking: /home/cabz/cabz_ws/src/cabz_bot/install/cabz_bot/share/cabz_bot/package.dsv
[7.172s] -- Symlinking: /home/cabz/cabz_ws/src/cabz_bot/install/cabz_bot/share/ament_index/resource_index/packages/cabz_bot
[7.188s] -- Symlinking: /home/cabz/cabz_ws/src/cabz_bot/install/cabz_bot/share/cabz_bot/cmake/cabz_botConfig.cmake
[7.201s] -- Symlinking: /home/cabz/cabz_ws/src/cabz_bot/install/cabz_bot/share/cabz_bot/cmake/cabz_botConfig-version.cmake
[7.215s] -- Symlinking: /home/cabz/cabz_ws/src/cabz_bot/install/cabz_bot/share/cabz_bot/package.xml
[7.236s] Invoked command in '/home/cabz/cabz_ws/src/cabz_bot/build/cabz_bot' returned '0': CMAKE_PREFIX_PATH=${CMAKE_PREFIX_PATH}:/home/cabz/cabz_ws/install/tortoisebot_control:/opt/ros/humble /usr/bin/cmake --install /home/cabz/cabz_ws/src/cabz_bot/build/cabz_bot
