[1.083s] DEBUG:colcon:Command line arguments: ['/usr/bin/colcon', 'build', '--symlink-install', '--packages-ignore', 'ydlidar_ros2_driver', 'tortoisebot_control']
[1.084s] DEBUG:colcon:Parsed command line arguments: Namespace(log_base=None, log_level=None, verb_name='build', build_base='build', install_base='install', merge_install=False, symlink_install=True, test_result_base=None, continue_on_error=False, executor='parallel', parallel_workers=4, event_handlers=None, ignore_user_meta=False, metas=['./colcon.meta'], base_paths=['.'], packages_ignore=['ydlidar_ros2_driver', 'tortoisebot_control'], packages_ignore_regex=None, paths=None, packages_up_to=None, packages_up_to_regex=None, packages_above=None, packages_above_and_dependencies=None, packages_above_depth=None, packages_select_by_dep=None, packages_skip_by_dep=None, packages_skip_up_to=None, packages_select_build_failed=False, packages_skip_build_finished=False, packages_select_test_failures=False, packages_skip_test_passed=False, packages_select=None, packages_skip=None, packages_select_regex=None, packages_skip_regex=None, packages_start=None, packages_end=None, allow_overriding=[], cmake_args=None, cmake_target=None, cmake_target_skip_unavailable=False, cmake_clean_cache=False, cmake_clean_first=False, cmake_force_configure=False, ament_cmake_args=None, catkin_cmake_args=None, catkin_skip_building_tests=False, verb_parser=<colcon_defaults.argument_parser.defaults.DefaultArgumentsDecorator object at 0x790000d58670>, verb_extension=<colcon_core.verb.build.BuildVerb object at 0x790000e5db70>, main=<bound method BuildVerb.main of <colcon_core.verb.build.BuildVerb object at 0x790000e5db70>>)
[5.534s] Level 1:colcon.colcon_core.package_discovery:discover_packages(colcon_meta) check parameters
[5.534s] Level 1:colcon.colcon_core.package_discovery:discover_packages(recursive) check parameters
[5.534s] Level 1:colcon.colcon_core.package_discovery:discover_packages(ignore) check parameters
[5.534s] Level 1:colcon.colcon_core.package_discovery:discover_packages(path) check parameters
[5.534s] Level 1:colcon.colcon_core.package_discovery:discover_packages(colcon_meta) discover
[5.535s] Level 1:colcon.colcon_core.package_discovery:discover_packages(recursive) discover
[5.535s] INFO:colcon.colcon_core.package_discovery:Crawling recursively for packages in '/home/cabz/cabz_ws/src/cabz_bot'
[5.535s] Level 1:colcon.colcon_core.package_identification:_identify(.) by extensions ['ignore', 'ignore_ament_install']
[5.536s] Level 1:colcon.colcon_core.package_identification:_identify(.) by extension 'ignore'
[5.536s] Level 1:colcon.colcon_core.package_identification:_identify(.) by extension 'ignore_ament_install'
[5.536s] Level 1:colcon.colcon_core.package_identification:_identify(.) by extensions ['colcon_pkg']
[5.536s] Level 1:colcon.colcon_core.package_identification:_identify(.) by extension 'colcon_pkg'
[5.536s] Level 1:colcon.colcon_core.package_identification:_identify(.) by extensions ['colcon_meta']
[5.536s] Level 1:colcon.colcon_core.package_identification:_identify(.) by extension 'colcon_meta'
[5.537s] Level 1:colcon.colcon_core.package_identification:_identify(.) by extensions ['ros']
[5.537s] Level 1:colcon.colcon_core.package_identification:_identify(.) by extension 'ros'
[5.711s] DEBUG:colcon.colcon_core.package_identification:Package '.' with type 'ros.ament_cmake' and name 'cabz_bot'
[5.711s] Level 1:colcon.colcon_core.package_discovery:discover_packages(recursive) using defaults
[5.711s] Level 1:colcon.colcon_core.package_discovery:discover_packages(ignore) discover
[5.712s] Level 1:colcon.colcon_core.package_discovery:discover_packages(ignore) using defaults
[5.712s] Level 1:colcon.colcon_core.package_discovery:discover_packages(path) discover
[5.712s] Level 1:colcon.colcon_core.package_discovery:discover_packages(path) using defaults
[6.009s] WARNING:colcon.colcon_core.package_discovery:ignoring unknown package 'ydlidar_ros2_driver' in --packages-ignore
[6.009s] WARNING:colcon.colcon_core.package_discovery:ignoring unknown package 'tortoisebot_control' in --packages-ignore
[6.024s] Level 1:colcon.colcon_core.package_discovery:discover_packages(prefix_path) check parameters
[6.025s] Level 1:colcon.colcon_core.package_discovery:discover_packages(prefix_path) discover
[6.082s] DEBUG:colcon.colcon_installed_package_information.package_discovery:Found 11 installed packages in /home/cabz/cabz_ws/install
[6.089s] DEBUG:colcon.colcon_installed_package_information.package_discovery:Found 374 installed packages in /opt/ros/humble
[6.097s] Level 1:colcon.colcon_core.package_discovery:discover_packages(prefix_path) using defaults
[6.403s] Level 5:colcon.colcon_core.verb:set package 'cabz_bot' build argument 'cmake_args' from command line to 'None'
[6.403s] Level 5:colcon.colcon_core.verb:set package 'cabz_bot' build argument 'cmake_target' from command line to 'None'
[6.403s] Level 5:colcon.colcon_core.verb:set package 'cabz_bot' build argument 'cmake_target_skip_unavailable' from command line to 'False'
[6.403s] Level 5:colcon.colcon_core.verb:set package 'cabz_bot' build argument 'cmake_clean_cache' from command line to 'False'
[6.403s] Level 5:colcon.colcon_core.verb:set package 'cabz_bot' build argument 'cmake_clean_first' from command line to 'False'
[6.403s] Level 5:colcon.colcon_core.verb:set package 'cabz_bot' build argument 'cmake_force_configure' from command line to 'False'
[6.403s] Level 5:colcon.colcon_core.verb:set package 'cabz_bot' build argument 'ament_cmake_args' from command line to 'None'
[6.403s] Level 5:colcon.colcon_core.verb:set package 'cabz_bot' build argument 'catkin_cmake_args' from command line to 'None'
[6.403s] Level 5:colcon.colcon_core.verb:set package 'cabz_bot' build argument 'catkin_skip_building_tests' from command line to 'False'
[6.403s] DEBUG:colcon.colcon_core.verb:Building package 'cabz_bot' with the following arguments: {'ament_cmake_args': None, 'build_base': '/home/cabz/cabz_ws/src/cabz_bot/build/cabz_bot', 'catkin_cmake_args': None, 'catkin_skip_building_tests': False, 'cmake_args': None, 'cmake_clean_cache': False, 'cmake_clean_first': False, 'cmake_force_configure': False, 'cmake_target': None, 'cmake_target_skip_unavailable': False, 'install_base': '/home/cabz/cabz_ws/src/cabz_bot/install/cabz_bot', 'merge_install': False, 'path': '/home/cabz/cabz_ws/src/cabz_bot', 'symlink_install': True, 'test_result_base': None}
[6.403s] INFO:colcon.colcon_core.executor:Executing jobs using 'parallel' executor
[6.405s] DEBUG:colcon.colcon_parallel_executor.executor.parallel:run_until_complete
[6.405s] INFO:colcon.colcon_ros.task.ament_cmake.build:Building ROS package in '/home/cabz/cabz_ws/src/cabz_bot' with build type 'ament_cmake'
[6.406s] INFO:colcon.colcon_cmake.task.cmake.build:Building CMake package in '/home/cabz/cabz_ws/src/cabz_bot'
[6.446s] INFO:colcon.colcon_core.plugin_system:Skipping extension 'colcon_core.shell.bat': Not used on non-Windows systems
[6.447s] INFO:colcon.colcon_core.shell:Skip shell extension 'powershell' for command environment: Not usable outside of PowerShell
[6.447s] DEBUG:colcon.colcon_core.shell:Skip shell extension 'dsv' for command environment
[6.489s] DEBUG:colcon.colcon_core.event_handler.log_command:Invoking command in '/home/cabz/cabz_ws/src/cabz_bot/build/cabz_bot': CMAKE_PREFIX_PATH=${CMAKE_PREFIX_PATH}:/home/cabz/cabz_ws/install/tortoisebot_control:/opt/ros/humble /usr/bin/cmake /home/cabz/cabz_ws/src/cabz_bot -DAMENT_CMAKE_SYMLINK_INSTALL=1 -DCMAKE_INSTALL_PREFIX=/home/cabz/cabz_ws/src/cabz_bot/install/cabz_bot
[13.071s] DEBUG:colcon.colcon_core.event_handler.log_command:Invoked command in '/home/cabz/cabz_ws/src/cabz_bot/build/cabz_bot' returned '0': CMAKE_PREFIX_PATH=${CMAKE_PREFIX_PATH}:/home/cabz/cabz_ws/install/tortoisebot_control:/opt/ros/humble /usr/bin/cmake /home/cabz/cabz_ws/src/cabz_bot -DAMENT_CMAKE_SYMLINK_INSTALL=1 -DCMAKE_INSTALL_PREFIX=/home/cabz/cabz_ws/src/cabz_bot/install/cabz_bot
[13.076s] DEBUG:colcon.colcon_core.event_handler.log_command:Invoking command in '/home/cabz/cabz_ws/src/cabz_bot/build/cabz_bot': CMAKE_PREFIX_PATH=${CMAKE_PREFIX_PATH}:/home/cabz/cabz_ws/install/tortoisebot_control:/opt/ros/humble /usr/bin/cmake --build /home/cabz/cabz_ws/src/cabz_bot/build/cabz_bot -- -j4 -l4
[13.137s] DEBUG:colcon.colcon_core.event_handler.log_command:Invoked command in '/home/cabz/cabz_ws/src/cabz_bot/build/cabz_bot' returned '0': CMAKE_PREFIX_PATH=${CMAKE_PREFIX_PATH}:/home/cabz/cabz_ws/install/tortoisebot_control:/opt/ros/humble /usr/bin/cmake --build /home/cabz/cabz_ws/src/cabz_bot/build/cabz_bot -- -j4 -l4
[13.152s] DEBUG:colcon.colcon_core.event_handler.log_command:Invoking command in '/home/cabz/cabz_ws/src/cabz_bot/build/cabz_bot': CMAKE_PREFIX_PATH=${CMAKE_PREFIX_PATH}:/home/cabz/cabz_ws/install/tortoisebot_control:/opt/ros/humble /usr/bin/cmake --install /home/cabz/cabz_ws/src/cabz_bot/build/cabz_bot
[13.641s] Level 1:colcon.colcon_core.environment:create_environment_scripts_only(cabz_bot)
[13.643s] DEBUG:colcon.colcon_core.event_handler.log_command:Invoked command in '/home/cabz/cabz_ws/src/cabz_bot/build/cabz_bot' returned '0': CMAKE_PREFIX_PATH=${CMAKE_PREFIX_PATH}:/home/cabz/cabz_ws/install/tortoisebot_control:/opt/ros/humble /usr/bin/cmake --install /home/cabz/cabz_ws/src/cabz_bot/build/cabz_bot
[13.743s] Level 1:colcon.colcon_core.environment:checking '/home/cabz/cabz_ws/src/cabz_bot/install/cabz_bot' for CMake module files
[13.745s] Level 1:colcon.colcon_core.environment:checking '/home/cabz/cabz_ws/src/cabz_bot/install/cabz_bot' for CMake config files
[13.746s] Level 1:colcon.colcon_core.shell:create_environment_hook('cabz_bot', 'cmake_prefix_path')
[13.747s] INFO:colcon.colcon_core.shell:Creating environment hook '/home/cabz/cabz_ws/src/cabz_bot/install/cabz_bot/share/cabz_bot/hook/cmake_prefix_path.ps1'
[13.769s] INFO:colcon.colcon_core.shell:Creating environment descriptor '/home/cabz/cabz_ws/src/cabz_bot/install/cabz_bot/share/cabz_bot/hook/cmake_prefix_path.dsv'
[13.779s] INFO:colcon.colcon_core.shell:Creating environment hook '/home/cabz/cabz_ws/src/cabz_bot/install/cabz_bot/share/cabz_bot/hook/cmake_prefix_path.sh'
[13.782s] Level 1:colcon.colcon_core.environment:checking '/home/cabz/cabz_ws/src/cabz_bot/install/cabz_bot/bin'
[13.782s] Level 1:colcon.colcon_core.environment:checking '/home/cabz/cabz_ws/src/cabz_bot/install/cabz_bot/lib/pkgconfig/cabz_bot.pc'
[13.783s] Level 1:colcon.colcon_core.environment:checking '/home/cabz/cabz_ws/src/cabz_bot/install/cabz_bot/lib/python3.10/site-packages'
[13.784s] Level 1:colcon.colcon_core.environment:checking '/home/cabz/cabz_ws/src/cabz_bot/install/cabz_bot/bin'
[13.786s] INFO:colcon.colcon_core.shell:Creating package script '/home/cabz/cabz_ws/src/cabz_bot/install/cabz_bot/share/cabz_bot/package.ps1'
[13.790s] INFO:colcon.colcon_core.shell:Creating package descriptor '/home/cabz/cabz_ws/src/cabz_bot/install/cabz_bot/share/cabz_bot/package.dsv'
[13.793s] INFO:colcon.colcon_core.shell:Creating package script '/home/cabz/cabz_ws/src/cabz_bot/install/cabz_bot/share/cabz_bot/package.sh'
[13.795s] INFO:colcon.colcon_core.shell:Creating package script '/home/cabz/cabz_ws/src/cabz_bot/install/cabz_bot/share/cabz_bot/package.bash'
[13.798s] INFO:colcon.colcon_core.shell:Creating package script '/home/cabz/cabz_ws/src/cabz_bot/install/cabz_bot/share/cabz_bot/package.zsh'
[13.813s] Level 1:colcon.colcon_core.environment:create_file_with_runtime_dependencies(/home/cabz/cabz_ws/src/cabz_bot/install/cabz_bot/share/colcon-core/packages/cabz_bot)
[13.815s] Level 1:colcon.colcon_core.environment:create_environment_scripts_only(cabz_bot)
[13.816s] Level 1:colcon.colcon_core.environment:checking '/home/cabz/cabz_ws/src/cabz_bot/install/cabz_bot' for CMake module files
[13.818s] Level 1:colcon.colcon_core.environment:checking '/home/cabz/cabz_ws/src/cabz_bot/install/cabz_bot' for CMake config files
[13.819s] Level 1:colcon.colcon_core.shell:create_environment_hook('cabz_bot', 'cmake_prefix_path')
[13.820s] INFO:colcon.colcon_core.shell:Creating environment hook '/home/cabz/cabz_ws/src/cabz_bot/install/cabz_bot/share/cabz_bot/hook/cmake_prefix_path.ps1'
[13.821s] INFO:colcon.colcon_core.shell:Creating environment descriptor '/home/cabz/cabz_ws/src/cabz_bot/install/cabz_bot/share/cabz_bot/hook/cmake_prefix_path.dsv'
[13.823s] INFO:colcon.colcon_core.shell:Creating environment hook '/home/cabz/cabz_ws/src/cabz_bot/install/cabz_bot/share/cabz_bot/hook/cmake_prefix_path.sh'
[13.824s] Level 1:colcon.colcon_core.environment:checking '/home/cabz/cabz_ws/src/cabz_bot/install/cabz_bot/bin'
[13.825s] Level 1:colcon.colcon_core.environment:checking '/home/cabz/cabz_ws/src/cabz_bot/install/cabz_bot/lib/pkgconfig/cabz_bot.pc'
[13.825s] Level 1:colcon.colcon_core.environment:checking '/home/cabz/cabz_ws/src/cabz_bot/install/cabz_bot/lib/python3.10/site-packages'
[13.826s] Level 1:colcon.colcon_core.environment:checking '/home/cabz/cabz_ws/src/cabz_bot/install/cabz_bot/bin'
[13.827s] INFO:colcon.colcon_core.shell:Creating package script '/home/cabz/cabz_ws/src/cabz_bot/install/cabz_bot/share/cabz_bot/package.ps1'
[13.829s] INFO:colcon.colcon_core.shell:Creating package descriptor '/home/cabz/cabz_ws/src/cabz_bot/install/cabz_bot/share/cabz_bot/package.dsv'
[13.831s] INFO:colcon.colcon_core.shell:Creating package script '/home/cabz/cabz_ws/src/cabz_bot/install/cabz_bot/share/cabz_bot/package.sh'
[13.832s] INFO:colcon.colcon_core.shell:Creating package script '/home/cabz/cabz_ws/src/cabz_bot/install/cabz_bot/share/cabz_bot/package.bash'
[13.833s] INFO:colcon.colcon_core.shell:Creating package script '/home/cabz/cabz_ws/src/cabz_bot/install/cabz_bot/share/cabz_bot/package.zsh'
[13.835s] Level 1:colcon.colcon_core.environment:create_file_with_runtime_dependencies(/home/cabz/cabz_ws/src/cabz_bot/install/cabz_bot/share/colcon-core/packages/cabz_bot)
[13.835s] DEBUG:colcon.colcon_parallel_executor.executor.parallel:closing loop
[13.837s] DEBUG:colcon.colcon_parallel_executor.executor.parallel:loop closed
[13.837s] DEBUG:colcon.colcon_parallel_executor.executor.parallel:run_until_complete finished with '0'
[13.837s] DEBUG:colcon.colcon_core.event_reactor:joining thread
[13.937s] INFO:colcon.colcon_core.plugin_system:Skipping extension 'colcon_notification.desktop_notification.terminal_notifier': Not used on non-Darwin systems
[13.938s] INFO:colcon.colcon_core.plugin_system:Skipping extension 'colcon_notification.desktop_notification.win32': Not used on non-Windows systems
[13.938s] INFO:colcon.colcon_notification.desktop_notification:Sending desktop notification using 'notify2'
[14.003s] DEBUG:colcon.colcon_core.event_reactor:joined thread
[14.004s] INFO:colcon.colcon_core.shell:Creating prefix script '/home/cabz/cabz_ws/src/cabz_bot/install/local_setup.ps1'
[14.025s] INFO:colcon.colcon_core.shell:Creating prefix util module '/home/cabz/cabz_ws/src/cabz_bot/install/_local_setup_util_ps1.py'
[14.048s] INFO:colcon.colcon_core.shell:Creating prefix chain script '/home/cabz/cabz_ws/src/cabz_bot/install/setup.ps1'
[14.051s] INFO:colcon.colcon_core.shell:Creating prefix script '/home/cabz/cabz_ws/src/cabz_bot/install/local_setup.sh'
[14.052s] INFO:colcon.colcon_core.shell:Creating prefix util module '/home/cabz/cabz_ws/src/cabz_bot/install/_local_setup_util_sh.py'
[14.053s] INFO:colcon.colcon_core.shell:Creating prefix chain script '/home/cabz/cabz_ws/src/cabz_bot/install/setup.sh'
[14.055s] INFO:colcon.colcon_core.shell:Creating prefix script '/home/cabz/cabz_ws/src/cabz_bot/install/local_setup.bash'
[14.056s] INFO:colcon.colcon_core.shell:Creating prefix chain script '/home/cabz/cabz_ws/src/cabz_bot/install/setup.bash'
[14.059s] INFO:colcon.colcon_core.shell:Creating prefix script '/home/cabz/cabz_ws/src/cabz_bot/install/local_setup.zsh'
[14.067s] INFO:colcon.colcon_core.shell:Creating prefix chain script '/home/cabz/cabz_ws/src/cabz_bot/install/setup.zsh'
